<?xml version="1.0" encoding="UTF-8"?>
<!-- Generated by org.testng.reporters.JUnitReportReporter -->
<testsuite hostname="Minhs-MBP" failures="0" tests="1" name="com.toilatester.runner.DemoRunner" time="4.139" errors="0" timestamp="2021-03-21T23:26:21 ICT" skipped="0">
  <testcase classname="com.toilatester.runner.DemoRunner" name="feature" time="4.139"/>
  <system-out/>
</testsuite> <!-- com.toilatester.runner.DemoRunner -->
