<?xml version="1.0" encoding="UTF-8"?>
<!-- Generated by org.testng.reporters.JUnitReportReporter -->
<testsuite hostname="Minhs-MBP" failures="0" tests="3" name="com.toilatester.runner.DemoRunner" time="0.456" errors="0" timestamp="2021-03-21T17:22:48 ICT" skipped="0">
  <testcase classname="com.toilatester.runner.DemoRunner" name="feature" time="0.045"/>
  <system-out/>
  <testcase classname="com.toilatester.runner.DemoRunner" name="feature" time="0.041"/>
  <system-out/>
  <testcase classname="com.toilatester.runner.DemoRunner" name="feature" time="0.370"/>
  <system-out/>
</testsuite> <!-- com.toilatester.runner.DemoRunner -->
