<?xml version="1.0" encoding="UTF-8"?>
<!-- Generated by org.testng.reporters.JUnitReportReporter -->
<testsuite hostname="Minhs-MBP" failures="0" tests="1" name="com.toilatester.runner.DemoRunner" time="0.223" errors="0" timestamp="2021-03-01T07:26:45 ICT" skipped="0">
  <testcase classname="com.toilatester.runner.DemoRunner" name="feature" time="0.223"/>
  <system-out/>
</testsuite> <!-- com.toilatester.runner.DemoRunner -->
